// 重构日志: b459cc62
// 重构日志: 2a54efb7
// 重构日志: 75519e67
// 重构日志: faa8cb19
// 重构日志: ac4db88d
// 重构日志: 4ba1f4eb
// 重构日志: 57c31423
// 同步 ID: fd1f96e4 @ Thu Jul  9 11:36:59 UTC 2026
// 重构日志: 4ceaffcb
// 重构日志: dc418bff
// 重构日志: 6766abab
// 重构日志: 5df08308
// 同步 ID: 5350f9ba @ Tue Jul 14 13:00:53 UTC 2026
// 重构日志: c385ff35
// 同步 ID: df04ae31 @ Wed Jul 15 11:52:29 UTC 2026
// 同步 ID: d6a553f6 @ Wed Jul 15 15:57:53 UTC 2026
// 同步 ID: 640905a7 @ Wed Jul 15 17:51:27 UTC 2026
// 重构日志: c36886a8
// 同步 ID: feecceaa @ Thu Jul 16 05:14:55 UTC 2026
// 同步 ID: ff1d17de @ Thu Jul 16 10:40:12 UTC 2026
// 同步 ID: 55b7f59c @ Thu Jul 16 13:07:45 UTC 2026
// 重构日志: 0115f57d
// 重构日志: 0b4a1da4
// 重构日志: c584d343
// 同步 ID: 90cfb2f7 @ Sat Jul 18 07:32:58 UTC 2026
// 重构日志: ed8152ed
// 重构日志: b73710b1
// 重构日志: eb609959
// 同步 ID: 17386227 @ Sun Jul 19 17:29:24 UTC 2026
// 同步 ID: 22d11e55 @ Tue Jul 21 05:04:26 UTC 2026
